2025-02-14 16:23:11,189 - StudentAnalyzer - INFO - Logging initialized. Log file: logs\student_analysis_20250214_162311.log
2025-02-14 16:23:11,190 - StudentAnalyzer - INFO - Starting main execution
2025-02-14 16:23:11,190 - StudentAnalyzer - INFO - Loading data from: data/cleaned_dataset.csv
2025-02-14 16:23:11,205 - StudentAnalyzer - INFO - Dataset loaded successfully. Shape: (4424, 37)
2025-02-14 16:23:11,206 - StudentAnalyzer - INFO - Validating data
2025-02-14 16:23:11,210 - StudentAnalyzer - INFO - Preprocessing data
2025-02-14 16:23:11,210 - StudentAnalyzer - INFO - Setting up data types and optimizing memory usage
2025-02-14 16:23:11,214 - StudentAnalyzer - INFO - Initial memory usage: 1.25 MB
2025-02-14 16:23:11,222 - StudentAnalyzer - INFO - Final memory usage: 0.34 MB
2025-02-14 16:23:11,223 - StudentAnalyzer - INFO - Memory reduction: 72.63%
2025-02-14 16:23:11,223 - StudentAnalyzer - INFO - Number of numeric features: 36
2025-02-14 16:23:11,223 - StudentAnalyzer - INFO - Number of categorical features: 0
2025-02-14 16:23:11,223 - StudentAnalyzer - INFO - Starting feature analysis
2025-02-14 16:23:11,223 - StudentAnalyzer - INFO - Starting feature distribution analysis
2025-02-14 16:23:11,524 - matplotlib.category - INFO - Using categorical units to plot a list of strings that are all parsable as floats or dates. If these strings should be plotted as numbers, cast to the appropriate data type before plotting.
2025-02-14 16:23:11,528 - matplotlib.category - INFO - Using categorical units to plot a list of strings that are all parsable as floats or dates. If these strings should be plotted as numbers, cast to the appropriate data type before plotting.
2025-02-14 16:23:12,567 - matplotlib.category - INFO - Using categorical units to plot a list of strings that are all parsable as floats or dates. If these strings should be plotted as numbers, cast to the appropriate data type before plotting.
2025-02-14 16:23:12,572 - matplotlib.category - INFO - Using categorical units to plot a list of strings that are all parsable as floats or dates. If these strings should be plotted as numbers, cast to the appropriate data type before plotting.
2025-02-14 16:23:13,109 - matplotlib.category - INFO - Using categorical units to plot a list of strings that are all parsable as floats or dates. If these strings should be plotted as numbers, cast to the appropriate data type before plotting.
2025-02-14 16:23:13,113 - matplotlib.category - INFO - Using categorical units to plot a list of strings that are all parsable as floats or dates. If these strings should be plotted as numbers, cast to the appropriate data type before plotting.
2025-02-14 16:23:13,617 - matplotlib.category - INFO - Using categorical units to plot a list of strings that are all parsable as floats or dates. If these strings should be plotted as numbers, cast to the appropriate data type before plotting.
2025-02-14 16:23:13,622 - matplotlib.category - INFO - Using categorical units to plot a list of strings that are all parsable as floats or dates. If these strings should be plotted as numbers, cast to the appropriate data type before plotting.
2025-02-14 16:23:14,138 - matplotlib.category - INFO - Using categorical units to plot a list of strings that are all parsable as floats or dates. If these strings should be plotted as numbers, cast to the appropriate data type before plotting.
2025-02-14 16:23:14,142 - matplotlib.category - INFO - Using categorical units to plot a list of strings that are all parsable as floats or dates. If these strings should be plotted as numbers, cast to the appropriate data type before plotting.
2025-02-14 16:23:14,664 - matplotlib.category - INFO - Using categorical units to plot a list of strings that are all parsable as floats or dates. If these strings should be plotted as numbers, cast to the appropriate data type before plotting.
2025-02-14 16:23:14,668 - matplotlib.category - INFO - Using categorical units to plot a list of strings that are all parsable as floats or dates. If these strings should be plotted as numbers, cast to the appropriate data type before plotting.
2025-02-14 16:23:15,176 - matplotlib.category - INFO - Using categorical units to plot a list of strings that are all parsable as floats or dates. If these strings should be plotted as numbers, cast to the appropriate data type before plotting.
2025-02-14 16:23:15,180 - matplotlib.category - INFO - Using categorical units to plot a list of strings that are all parsable as floats or dates. If these strings should be plotted as numbers, cast to the appropriate data type before plotting.
2025-02-14 16:23:15,644 - matplotlib.category - INFO - Using categorical units to plot a list of strings that are all parsable as floats or dates. If these strings should be plotted as numbers, cast to the appropriate data type before plotting.
2025-02-14 16:23:15,648 - matplotlib.category - INFO - Using categorical units to plot a list of strings that are all parsable as floats or dates. If these strings should be plotted as numbers, cast to the appropriate data type before plotting.
2025-02-14 16:23:16,144 - matplotlib.category - INFO - Using categorical units to plot a list of strings that are all parsable as floats or dates. If these strings should be plotted as numbers, cast to the appropriate data type before plotting.
2025-02-14 16:23:16,148 - matplotlib.category - INFO - Using categorical units to plot a list of strings that are all parsable as floats or dates. If these strings should be plotted as numbers, cast to the appropriate data type before plotting.
2025-02-14 16:23:16,659 - matplotlib.category - INFO - Using categorical units to plot a list of strings that are all parsable as floats or dates. If these strings should be plotted as numbers, cast to the appropriate data type before plotting.
2025-02-14 16:23:16,664 - matplotlib.category - INFO - Using categorical units to plot a list of strings that are all parsable as floats or dates. If these strings should be plotted as numbers, cast to the appropriate data type before plotting.
2025-02-14 16:23:17,229 - matplotlib.category - INFO - Using categorical units to plot a list of strings that are all parsable as floats or dates. If these strings should be plotted as numbers, cast to the appropriate data type before plotting.
2025-02-14 16:23:17,233 - matplotlib.category - INFO - Using categorical units to plot a list of strings that are all parsable as floats or dates. If these strings should be plotted as numbers, cast to the appropriate data type before plotting.
2025-02-14 16:23:17,899 - matplotlib.category - INFO - Using categorical units to plot a list of strings that are all parsable as floats or dates. If these strings should be plotted as numbers, cast to the appropriate data type before plotting.
2025-02-14 16:23:17,904 - matplotlib.category - INFO - Using categorical units to plot a list of strings that are all parsable as floats or dates. If these strings should be plotted as numbers, cast to the appropriate data type before plotting.
2025-02-14 16:23:18,457 - matplotlib.category - INFO - Using categorical units to plot a list of strings that are all parsable as floats or dates. If these strings should be plotted as numbers, cast to the appropriate data type before plotting.
2025-02-14 16:23:18,461 - matplotlib.category - INFO - Using categorical units to plot a list of strings that are all parsable as floats or dates. If these strings should be plotted as numbers, cast to the appropriate data type before plotting.
2025-02-14 16:23:18,946 - matplotlib.category - INFO - Using categorical units to plot a list of strings that are all parsable as floats or dates. If these strings should be plotted as numbers, cast to the appropriate data type before plotting.
2025-02-14 16:23:18,950 - matplotlib.category - INFO - Using categorical units to plot a list of strings that are all parsable as floats or dates. If these strings should be plotted as numbers, cast to the appropriate data type before plotting.
2025-02-14 16:23:19,424 - matplotlib.category - INFO - Using categorical units to plot a list of strings that are all parsable as floats or dates. If these strings should be plotted as numbers, cast to the appropriate data type before plotting.
2025-02-14 16:23:19,428 - matplotlib.category - INFO - Using categorical units to plot a list of strings that are all parsable as floats or dates. If these strings should be plotted as numbers, cast to the appropriate data type before plotting.
2025-02-14 16:23:19,930 - matplotlib.category - INFO - Using categorical units to plot a list of strings that are all parsable as floats or dates. If these strings should be plotted as numbers, cast to the appropriate data type before plotting.
2025-02-14 16:23:19,934 - matplotlib.category - INFO - Using categorical units to plot a list of strings that are all parsable as floats or dates. If these strings should be plotted as numbers, cast to the appropriate data type before plotting.
2025-02-14 16:23:20,411 - matplotlib.category - INFO - Using categorical units to plot a list of strings that are all parsable as floats or dates. If these strings should be plotted as numbers, cast to the appropriate data type before plotting.
2025-02-14 16:23:20,415 - matplotlib.category - INFO - Using categorical units to plot a list of strings that are all parsable as floats or dates. If these strings should be plotted as numbers, cast to the appropriate data type before plotting.
2025-02-14 16:23:20,909 - matplotlib.category - INFO - Using categorical units to plot a list of strings that are all parsable as floats or dates. If these strings should be plotted as numbers, cast to the appropriate data type before plotting.
2025-02-14 16:23:20,914 - matplotlib.category - INFO - Using categorical units to plot a list of strings that are all parsable as floats or dates. If these strings should be plotted as numbers, cast to the appropriate data type before plotting.
2025-02-14 16:23:21,476 - matplotlib.category - INFO - Using categorical units to plot a list of strings that are all parsable as floats or dates. If these strings should be plotted as numbers, cast to the appropriate data type before plotting.
2025-02-14 16:23:21,481 - matplotlib.category - INFO - Using categorical units to plot a list of strings that are all parsable as floats or dates. If these strings should be plotted as numbers, cast to the appropriate data type before plotting.
2025-02-14 16:23:21,959 - matplotlib.category - INFO - Using categorical units to plot a list of strings that are all parsable as floats or dates. If these strings should be plotted as numbers, cast to the appropriate data type before plotting.
2025-02-14 16:23:21,964 - matplotlib.category - INFO - Using categorical units to plot a list of strings that are all parsable as floats or dates. If these strings should be plotted as numbers, cast to the appropriate data type before plotting.
2025-02-14 16:23:22,559 - matplotlib.category - INFO - Using categorical units to plot a list of strings that are all parsable as floats or dates. If these strings should be plotted as numbers, cast to the appropriate data type before plotting.
2025-02-14 16:23:22,563 - matplotlib.category - INFO - Using categorical units to plot a list of strings that are all parsable as floats or dates. If these strings should be plotted as numbers, cast to the appropriate data type before plotting.
2025-02-14 16:23:23,100 - matplotlib.category - INFO - Using categorical units to plot a list of strings that are all parsable as floats or dates. If these strings should be plotted as numbers, cast to the appropriate data type before plotting.
2025-02-14 16:23:23,105 - matplotlib.category - INFO - Using categorical units to plot a list of strings that are all parsable as floats or dates. If these strings should be plotted as numbers, cast to the appropriate data type before plotting.
2025-02-14 16:23:23,907 - matplotlib.category - INFO - Using categorical units to plot a list of strings that are all parsable as floats or dates. If these strings should be plotted as numbers, cast to the appropriate data type before plotting.
2025-02-14 16:23:23,911 - matplotlib.category - INFO - Using categorical units to plot a list of strings that are all parsable as floats or dates. If these strings should be plotted as numbers, cast to the appropriate data type before plotting.
2025-02-14 16:23:24,447 - matplotlib.category - INFO - Using categorical units to plot a list of strings that are all parsable as floats or dates. If these strings should be plotted as numbers, cast to the appropriate data type before plotting.
2025-02-14 16:23:24,451 - matplotlib.category - INFO - Using categorical units to plot a list of strings that are all parsable as floats or dates. If these strings should be plotted as numbers, cast to the appropriate data type before plotting.
2025-02-14 16:23:24,978 - matplotlib.category - INFO - Using categorical units to plot a list of strings that are all parsable as floats or dates. If these strings should be plotted as numbers, cast to the appropriate data type before plotting.
2025-02-14 16:23:24,982 - matplotlib.category - INFO - Using categorical units to plot a list of strings that are all parsable as floats or dates. If these strings should be plotted as numbers, cast to the appropriate data type before plotting.
2025-02-14 16:23:25,431 - matplotlib.category - INFO - Using categorical units to plot a list of strings that are all parsable as floats or dates. If these strings should be plotted as numbers, cast to the appropriate data type before plotting.
2025-02-14 16:23:25,437 - matplotlib.category - INFO - Using categorical units to plot a list of strings that are all parsable as floats or dates. If these strings should be plotted as numbers, cast to the appropriate data type before plotting.
2025-02-14 16:23:25,980 - matplotlib.category - INFO - Using categorical units to plot a list of strings that are all parsable as floats or dates. If these strings should be plotted as numbers, cast to the appropriate data type before plotting.
2025-02-14 16:23:25,985 - matplotlib.category - INFO - Using categorical units to plot a list of strings that are all parsable as floats or dates. If these strings should be plotted as numbers, cast to the appropriate data type before plotting.
2025-02-14 16:23:26,519 - matplotlib.category - INFO - Using categorical units to plot a list of strings that are all parsable as floats or dates. If these strings should be plotted as numbers, cast to the appropriate data type before plotting.
2025-02-14 16:23:26,529 - matplotlib.category - INFO - Using categorical units to plot a list of strings that are all parsable as floats or dates. If these strings should be plotted as numbers, cast to the appropriate data type before plotting.
2025-02-14 16:23:27,087 - matplotlib.category - INFO - Using categorical units to plot a list of strings that are all parsable as floats or dates. If these strings should be plotted as numbers, cast to the appropriate data type before plotting.
2025-02-14 16:23:27,092 - matplotlib.category - INFO - Using categorical units to plot a list of strings that are all parsable as floats or dates. If these strings should be plotted as numbers, cast to the appropriate data type before plotting.
2025-02-14 16:23:27,611 - matplotlib.category - INFO - Using categorical units to plot a list of strings that are all parsable as floats or dates. If these strings should be plotted as numbers, cast to the appropriate data type before plotting.
2025-02-14 16:23:27,615 - matplotlib.category - INFO - Using categorical units to plot a list of strings that are all parsable as floats or dates. If these strings should be plotted as numbers, cast to the appropriate data type before plotting.
2025-02-14 16:23:28,106 - matplotlib.category - INFO - Using categorical units to plot a list of strings that are all parsable as floats or dates. If these strings should be plotted as numbers, cast to the appropriate data type before plotting.
2025-02-14 16:23:28,110 - matplotlib.category - INFO - Using categorical units to plot a list of strings that are all parsable as floats or dates. If these strings should be plotted as numbers, cast to the appropriate data type before plotting.
2025-02-14 16:23:28,593 - matplotlib.category - INFO - Using categorical units to plot a list of strings that are all parsable as floats or dates. If these strings should be plotted as numbers, cast to the appropriate data type before plotting.
2025-02-14 16:23:28,598 - matplotlib.category - INFO - Using categorical units to plot a list of strings that are all parsable as floats or dates. If these strings should be plotted as numbers, cast to the appropriate data type before plotting.
2025-02-14 16:23:29,054 - matplotlib.category - INFO - Using categorical units to plot a list of strings that are all parsable as floats or dates. If these strings should be plotted as numbers, cast to the appropriate data type before plotting.
2025-02-14 16:23:29,060 - matplotlib.category - INFO - Using categorical units to plot a list of strings that are all parsable as floats or dates. If these strings should be plotted as numbers, cast to the appropriate data type before plotting.
2025-02-14 16:23:29,581 - matplotlib.category - INFO - Using categorical units to plot a list of strings that are all parsable as floats or dates. If these strings should be plotted as numbers, cast to the appropriate data type before plotting.
2025-02-14 16:23:29,587 - matplotlib.category - INFO - Using categorical units to plot a list of strings that are all parsable as floats or dates. If these strings should be plotted as numbers, cast to the appropriate data type before plotting.
2025-02-14 16:23:30,077 - matplotlib.category - INFO - Using categorical units to plot a list of strings that are all parsable as floats or dates. If these strings should be plotted as numbers, cast to the appropriate data type before plotting.
2025-02-14 16:23:30,082 - matplotlib.category - INFO - Using categorical units to plot a list of strings that are all parsable as floats or dates. If these strings should be plotted as numbers, cast to the appropriate data type before plotting.
2025-02-14 16:23:30,573 - matplotlib.category - INFO - Using categorical units to plot a list of strings that are all parsable as floats or dates. If these strings should be plotted as numbers, cast to the appropriate data type before plotting.
2025-02-14 16:23:30,577 - matplotlib.category - INFO - Using categorical units to plot a list of strings that are all parsable as floats or dates. If these strings should be plotted as numbers, cast to the appropriate data type before plotting.
2025-02-14 16:23:30,920 - StudentAnalyzer - INFO - Feature distribution analysis completed
2025-02-14 16:23:30,920 - StudentAnalyzer - INFO - Starting performance analysis
2025-02-14 16:23:30,921 - StudentAnalyzer - INFO - Starting academic performance analysis
2025-02-14 16:23:30,992 - matplotlib.category - INFO - Using categorical units to plot a list of strings that are all parsable as floats or dates. If these strings should be plotted as numbers, cast to the appropriate data type before plotting.
2025-02-14 16:23:30,997 - matplotlib.category - INFO - Using categorical units to plot a list of strings that are all parsable as floats or dates. If these strings should be plotted as numbers, cast to the appropriate data type before plotting.
2025-02-14 16:23:31,463 - StudentAnalyzer - ERROR - Error in academic performance analysis: 'float' object is not subscriptable
2025-02-14 16:23:31,463 - StudentAnalyzer - INFO - Starting correlation analysis
2025-02-14 16:23:31,463 - StudentAnalyzer - INFO - Starting correlation analysis
2025-02-14 16:23:33,190 - StudentAnalyzer - INFO - Correlation analysis completed
2025-02-14 16:23:33,191 - StudentAnalyzer - INFO - Starting risk analysis
2025-02-14 16:23:33,191 - StudentAnalyzer - INFO - Starting dropout pattern analysis
2025-02-14 16:23:34,292 - matplotlib.category - INFO - Using categorical units to plot a list of strings that are all parsable as floats or dates. If these strings should be plotted as numbers, cast to the appropriate data type before plotting.
2025-02-14 16:23:34,296 - matplotlib.category - INFO - Using categorical units to plot a list of strings that are all parsable as floats or dates. If these strings should be plotted as numbers, cast to the appropriate data type before plotting.
2025-02-14 16:23:34,848 - matplotlib.category - INFO - Using categorical units to plot a list of strings that are all parsable as floats or dates. If these strings should be plotted as numbers, cast to the appropriate data type before plotting.
2025-02-14 16:23:34,852 - matplotlib.category - INFO - Using categorical units to plot a list of strings that are all parsable as floats or dates. If these strings should be plotted as numbers, cast to the appropriate data type before plotting.
2025-02-14 16:23:35,759 - matplotlib.category - INFO - Using categorical units to plot a list of strings that are all parsable as floats or dates. If these strings should be plotted as numbers, cast to the appropriate data type before plotting.
2025-02-14 16:23:35,763 - matplotlib.category - INFO - Using categorical units to plot a list of strings that are all parsable as floats or dates. If these strings should be plotted as numbers, cast to the appropriate data type before plotting.
2025-02-14 16:23:36,315 - StudentAnalyzer - INFO - Dropout pattern analysis completed
2025-02-14 16:23:36,316 - StudentAnalyzer - INFO - Starting risk assessment generation
2025-02-14 16:23:36,322 - StudentAnalyzer - ERROR - Error in risk assessment generation: Bin edges must be unique: Index([0.0, 0.0, 0.0, 1.0], dtype='float64', name='risk_score').
You can drop duplicate edges by setting the 'duplicates' kwarg
2025-02-14 16:23:36,322 - StudentAnalyzer - INFO - Starting semester analysis
2025-02-14 16:23:36,323 - StudentAnalyzer - INFO - Starting semester pattern analysis
2025-02-14 16:23:37,036 - StudentAnalyzer - INFO - Semester pattern analysis completed
2025-02-14 16:23:37,037 - StudentAnalyzer - INFO - Starting ensemble analysis
2025-02-14 16:23:37,037 - StudentAnalyzer - INFO - Preparing features with advanced engineering
2025-02-14 16:23:37,062 - StudentAnalyzer - INFO - Prepared features with shape: (4424, 48)
2025-02-14 16:23:37,063 - StudentAnalyzer - INFO - Optimizing model hyperparameters...
2025-02-14 16:23:37,063 - StudentAnalyzer - INFO - Starting hyperparameter optimization
2025-02-14 16:23:37,066 - StudentAnalyzer - INFO - Starting ensemble analysis of dropout patterns
2025-02-14 16:23:49,265 - StudentAnalyzer - INFO - Starting ensemble analysis of dropout patterns
2025-02-14 16:23:49,271 - StudentAnalyzer - INFO - Using cached results
2025-02-14 16:23:49,273 - StudentAnalyzer - INFO - Starting ensemble analysis of dropout patterns
2025-02-14 16:23:49,274 - StudentAnalyzer - INFO - Using cached results
2025-02-14 16:23:49,276 - StudentAnalyzer - INFO - Starting ensemble analysis of dropout patterns
2025-02-14 16:23:49,278 - StudentAnalyzer - INFO - Using cached results
2025-02-14 16:23:49,279 - StudentAnalyzer - INFO - Starting ensemble analysis of dropout patterns
2025-02-14 16:23:49,280 - StudentAnalyzer - INFO - Using cached results
2025-02-14 16:23:49,282 - StudentAnalyzer - INFO - Starting ensemble analysis of dropout patterns
2025-02-14 16:23:49,283 - StudentAnalyzer - INFO - Using cached results
2025-02-14 16:23:49,285 - StudentAnalyzer - INFO - Starting ensemble analysis of dropout patterns
2025-02-14 16:23:49,286 - StudentAnalyzer - INFO - Using cached results
2025-02-14 16:23:49,288 - StudentAnalyzer - INFO - Starting ensemble analysis of dropout patterns
2025-02-14 16:23:49,289 - StudentAnalyzer - INFO - Using cached results
2025-02-14 16:23:49,291 - StudentAnalyzer - INFO - Starting ensemble analysis of dropout patterns
2025-02-14 16:23:49,292 - StudentAnalyzer - INFO - Using cached results
2025-02-14 16:23:49,294 - StudentAnalyzer - INFO - Starting ensemble analysis of dropout patterns
2025-02-14 16:23:49,295 - StudentAnalyzer - INFO - Using cached results
2025-02-14 16:23:49,329 - StudentAnalyzer - INFO - Starting ensemble analysis of dropout patterns
2025-02-14 16:23:49,330 - StudentAnalyzer - INFO - Using cached results
2025-02-14 16:23:49,354 - StudentAnalyzer - INFO - Starting ensemble analysis of dropout patterns
2025-02-14 16:23:49,355 - StudentAnalyzer - INFO - Using cached results
2025-02-14 16:23:49,382 - StudentAnalyzer - INFO - Starting ensemble analysis of dropout patterns
2025-02-14 16:23:49,383 - StudentAnalyzer - INFO - Using cached results
2025-02-14 16:23:49,411 - StudentAnalyzer - INFO - Starting ensemble analysis of dropout patterns
2025-02-14 16:23:49,412 - StudentAnalyzer - INFO - Using cached results
2025-02-14 16:23:49,436 - StudentAnalyzer - INFO - Starting ensemble analysis of dropout patterns
2025-02-14 16:23:49,438 - StudentAnalyzer - INFO - Using cached results
2025-02-14 16:23:49,462 - StudentAnalyzer - INFO - Starting ensemble analysis of dropout patterns
2025-02-14 16:23:49,463 - StudentAnalyzer - INFO - Using cached results
2025-02-14 16:23:49,486 - StudentAnalyzer - INFO - Starting ensemble analysis of dropout patterns
2025-02-14 16:23:49,487 - StudentAnalyzer - INFO - Using cached results
2025-02-14 16:23:49,512 - StudentAnalyzer - INFO - Starting ensemble analysis of dropout patterns
2025-02-14 16:23:49,513 - StudentAnalyzer - INFO - Using cached results
2025-02-14 16:23:49,538 - StudentAnalyzer - INFO - Starting ensemble analysis of dropout patterns
2025-02-14 16:23:49,538 - StudentAnalyzer - INFO - Using cached results
2025-02-14 16:23:49,563 - StudentAnalyzer - INFO - Starting ensemble analysis of dropout patterns
2025-02-14 16:23:49,563 - StudentAnalyzer - INFO - Using cached results
2025-02-14 16:23:49,589 - StudentAnalyzer - INFO - Starting ensemble analysis of dropout patterns
2025-02-14 16:23:49,590 - StudentAnalyzer - INFO - Using cached results
2025-02-14 16:23:49,615 - StudentAnalyzer - INFO - Starting ensemble analysis of dropout patterns
2025-02-14 16:23:49,615 - StudentAnalyzer - INFO - Using cached results
2025-02-14 16:23:49,640 - StudentAnalyzer - INFO - Starting ensemble analysis of dropout patterns
2025-02-14 16:23:49,641 - StudentAnalyzer - INFO - Using cached results
2025-02-14 16:23:49,669 - StudentAnalyzer - INFO - Starting ensemble analysis of dropout patterns
2025-02-14 16:23:49,670 - StudentAnalyzer - INFO - Using cached results
2025-02-14 16:23:49,696 - StudentAnalyzer - INFO - Starting ensemble analysis of dropout patterns
2025-02-14 16:23:49,697 - StudentAnalyzer - INFO - Using cached results
2025-02-14 16:23:49,724 - StudentAnalyzer - INFO - Starting ensemble analysis of dropout patterns
2025-02-14 16:23:49,725 - StudentAnalyzer - INFO - Using cached results
2025-02-14 16:23:49,750 - StudentAnalyzer - INFO - Starting ensemble analysis of dropout patterns
2025-02-14 16:23:49,751 - StudentAnalyzer - INFO - Using cached results
2025-02-14 16:23:49,777 - StudentAnalyzer - INFO - Starting ensemble analysis of dropout patterns
2025-02-14 16:23:49,778 - StudentAnalyzer - INFO - Using cached results
2025-02-14 16:23:49,806 - StudentAnalyzer - INFO - Starting ensemble analysis of dropout patterns
2025-02-14 16:23:49,806 - StudentAnalyzer - INFO - Using cached results
2025-02-14 16:23:49,831 - StudentAnalyzer - INFO - Starting ensemble analysis of dropout patterns
2025-02-14 16:23:49,832 - StudentAnalyzer - INFO - Using cached results
2025-02-14 16:23:49,859 - StudentAnalyzer - INFO - Starting ensemble analysis of dropout patterns
2025-02-14 16:23:49,860 - StudentAnalyzer - INFO - Using cached results
2025-02-14 16:23:49,891 - StudentAnalyzer - INFO - Starting ensemble analysis of dropout patterns
2025-02-14 16:23:49,892 - StudentAnalyzer - INFO - Using cached results
2025-02-14 16:23:49,918 - StudentAnalyzer - INFO - Starting ensemble analysis of dropout patterns
2025-02-14 16:23:49,919 - StudentAnalyzer - INFO - Using cached results
2025-02-14 16:23:49,947 - StudentAnalyzer - INFO - Starting ensemble analysis of dropout patterns
2025-02-14 16:23:49,948 - StudentAnalyzer - INFO - Using cached results
2025-02-14 16:23:49,976 - StudentAnalyzer - INFO - Starting ensemble analysis of dropout patterns
2025-02-14 16:23:49,976 - StudentAnalyzer - INFO - Using cached results
2025-02-14 16:23:50,003 - StudentAnalyzer - INFO - Starting ensemble analysis of dropout patterns
2025-02-14 16:23:50,004 - StudentAnalyzer - INFO - Using cached results
2025-02-14 16:23:50,032 - StudentAnalyzer - INFO - Starting ensemble analysis of dropout patterns
2025-02-14 16:23:50,033 - StudentAnalyzer - INFO - Using cached results
2025-02-14 16:23:50,061 - StudentAnalyzer - INFO - Starting ensemble analysis of dropout patterns
2025-02-14 16:23:50,062 - StudentAnalyzer - INFO - Using cached results
2025-02-14 16:23:50,094 - StudentAnalyzer - INFO - Starting ensemble analysis of dropout patterns
2025-02-14 16:23:50,095 - StudentAnalyzer - INFO - Using cached results
2025-02-14 16:23:50,123 - StudentAnalyzer - INFO - Starting ensemble analysis of dropout patterns
2025-02-14 16:23:50,124 - StudentAnalyzer - INFO - Using cached results
2025-02-14 16:23:50,152 - StudentAnalyzer - INFO - Starting ensemble analysis of dropout patterns
2025-02-14 16:23:50,153 - StudentAnalyzer - INFO - Using cached results
2025-02-14 16:23:50,182 - StudentAnalyzer - INFO - Starting ensemble analysis of dropout patterns
2025-02-14 16:23:50,183 - StudentAnalyzer - INFO - Using cached results
2025-02-14 16:23:50,212 - StudentAnalyzer - INFO - Starting ensemble analysis of dropout patterns
2025-02-14 16:23:50,213 - StudentAnalyzer - INFO - Using cached results
2025-02-14 16:23:50,241 - StudentAnalyzer - INFO - Starting ensemble analysis of dropout patterns
2025-02-14 16:23:50,242 - StudentAnalyzer - INFO - Using cached results
2025-02-14 16:23:50,271 - StudentAnalyzer - INFO - Starting ensemble analysis of dropout patterns
2025-02-14 16:23:50,272 - StudentAnalyzer - INFO - Using cached results
2025-02-14 16:23:50,301 - StudentAnalyzer - INFO - Starting ensemble analysis of dropout patterns
2025-02-14 16:23:50,302 - StudentAnalyzer - INFO - Using cached results
2025-02-14 16:23:50,333 - StudentAnalyzer - INFO - Starting ensemble analysis of dropout patterns
2025-02-14 16:23:50,334 - StudentAnalyzer - INFO - Using cached results
2025-02-14 16:23:50,366 - StudentAnalyzer - INFO - Starting ensemble analysis of dropout patterns
2025-02-14 16:23:50,368 - StudentAnalyzer - INFO - Using cached results
2025-02-14 16:23:50,412 - StudentAnalyzer - INFO - Starting ensemble analysis of dropout patterns
2025-02-14 16:23:50,413 - StudentAnalyzer - INFO - Using cached results
2025-02-14 16:23:50,443 - StudentAnalyzer - INFO - Starting ensemble analysis of dropout patterns
2025-02-14 16:23:50,444 - StudentAnalyzer - INFO - Using cached results
2025-02-14 16:23:50,445 - StudentAnalyzer - INFO - Best parameters found: {'rf_n_estimators': 223, 'rf_max_depth': 12, 'rf_min_samples_split': 4, 'rf_min_samples_leaf': 4, 'rf_max_features': 0.9576703744493005, 'gb_n_estimators': 100, 'gb_learning_rate': 0.044296634239876, 'gb_max_depth': 10, 'gb_subsample': 0.5542571196590451, 'gb_min_samples_split': 10}
2025-02-14 16:23:50,445 - StudentAnalyzer - INFO - Best value: 0.7765910326371293
2025-02-14 16:23:50,446 - StudentAnalyzer - INFO - Best hyperparameters found: {'rf_n_estimators': 223, 'rf_max_depth': 12, 'rf_min_samples_split': 4, 'rf_min_samples_leaf': 4, 'rf_max_features': 0.9576703744493005, 'gb_n_estimators': 100, 'gb_learning_rate': 0.044296634239876, 'gb_max_depth': 10, 'gb_subsample': 0.5542571196590451, 'gb_min_samples_split': 10}
2025-02-14 16:23:50,446 - StudentAnalyzer - INFO - Starting ensemble analysis of dropout patterns
2025-02-14 16:23:50,447 - StudentAnalyzer - INFO - Using cached results
2025-02-14 16:23:50,450 - StudentAnalyzer - ERROR - Error generating risk scores: X has 48 features, but RandomForestClassifier is expecting 38 features as input.
2025-02-14 16:23:50,451 - StudentAnalyzer - INFO - Generating reports and exporting results
2025-02-14 16:23:50,470 - StudentAnalyzer - INFO - Summary report generated successfully at analysis_results
2025-02-14 16:23:50,471 - StudentAnalyzer - INFO - Exporting analysis results to analysis_results
2025-02-14 16:23:50,869 - StudentAnalyzer - INFO - Results exported successfully to analysis_results\20250214_162350
2025-02-14 16:23:50,955 - StudentAnalyzer - INFO - Models saved successfully
2025-02-14 16:23:50,958 - StudentAnalyzer - INFO - Analysis completed successfully
