2025-02-14 15:18:19,546 - StudentAnalyzer - INFO - Logging initialized. Log file: logs\student_analysis_20250214_151819.log
2025-02-14 15:18:19,547 - StudentAnalyzer - INFO - Starting main execution
2025-02-14 15:18:19,548 - StudentAnalyzer - INFO - Loading data from: data/cleaned_dataset.csv
2025-02-14 15:18:19,566 - StudentAnalyzer - INFO - Dataset loaded successfully. Shape: (4424, 37)
2025-02-14 15:18:19,566 - StudentAnalyzer - INFO - Validating data
2025-02-14 15:18:19,570 - StudentAnalyzer - INFO - Preprocessing data
2025-02-14 15:18:19,570 - StudentAnalyzer - INFO - Setting up data types and optimizing memory usage
2025-02-14 15:18:19,572 - StudentAnalyzer - INFO - Initial memory usage: 1.25 MB
2025-02-14 15:18:19,583 - StudentAnalyzer - INFO - Final memory usage: 0.34 MB
2025-02-14 15:18:19,583 - StudentAnalyzer - INFO - Memory reduction: 72.63%
2025-02-14 15:18:19,583 - StudentAnalyzer - INFO - Number of numeric features: 36
2025-02-14 15:18:19,583 - StudentAnalyzer - INFO - Number of categorical features: 0
2025-02-14 15:18:19,583 - StudentAnalyzer - INFO - Starting feature analysis
2025-02-14 15:18:19,583 - StudentAnalyzer - INFO - Starting feature distribution analysis
2025-02-14 15:18:19,903 - matplotlib.category - INFO - Using categorical units to plot a list of strings that are all parsable as floats or dates. If these strings should be plotted as numbers, cast to the appropriate data type before plotting.
2025-02-14 15:18:19,908 - matplotlib.category - INFO - Using categorical units to plot a list of strings that are all parsable as floats or dates. If these strings should be plotted as numbers, cast to the appropriate data type before plotting.
2025-02-14 15:18:22,160 - matplotlib.category - INFO - Using categorical units to plot a list of strings that are all parsable as floats or dates. If these strings should be plotted as numbers, cast to the appropriate data type before plotting.
2025-02-14 15:18:22,164 - matplotlib.category - INFO - Using categorical units to plot a list of strings that are all parsable as floats or dates. If these strings should be plotted as numbers, cast to the appropriate data type before plotting.
2025-02-14 15:18:22,765 - matplotlib.category - INFO - Using categorical units to plot a list of strings that are all parsable as floats or dates. If these strings should be plotted as numbers, cast to the appropriate data type before plotting.
2025-02-14 15:18:22,774 - matplotlib.category - INFO - Using categorical units to plot a list of strings that are all parsable as floats or dates. If these strings should be plotted as numbers, cast to the appropriate data type before plotting.
2025-02-14 15:18:23,290 - matplotlib.category - INFO - Using categorical units to plot a list of strings that are all parsable as floats or dates. If these strings should be plotted as numbers, cast to the appropriate data type before plotting.
2025-02-14 15:18:23,294 - matplotlib.category - INFO - Using categorical units to plot a list of strings that are all parsable as floats or dates. If these strings should be plotted as numbers, cast to the appropriate data type before plotting.
2025-02-14 15:18:23,772 - matplotlib.category - INFO - Using categorical units to plot a list of strings that are all parsable as floats or dates. If these strings should be plotted as numbers, cast to the appropriate data type before plotting.
2025-02-14 15:18:23,776 - matplotlib.category - INFO - Using categorical units to plot a list of strings that are all parsable as floats or dates. If these strings should be plotted as numbers, cast to the appropriate data type before plotting.
2025-02-14 15:18:24,245 - matplotlib.category - INFO - Using categorical units to plot a list of strings that are all parsable as floats or dates. If these strings should be plotted as numbers, cast to the appropriate data type before plotting.
2025-02-14 15:18:24,249 - matplotlib.category - INFO - Using categorical units to plot a list of strings that are all parsable as floats or dates. If these strings should be plotted as numbers, cast to the appropriate data type before plotting.
2025-02-14 15:18:24,737 - matplotlib.category - INFO - Using categorical units to plot a list of strings that are all parsable as floats or dates. If these strings should be plotted as numbers, cast to the appropriate data type before plotting.
2025-02-14 15:18:24,741 - matplotlib.category - INFO - Using categorical units to plot a list of strings that are all parsable as floats or dates. If these strings should be plotted as numbers, cast to the appropriate data type before plotting.
2025-02-14 15:18:25,175 - matplotlib.category - INFO - Using categorical units to plot a list of strings that are all parsable as floats or dates. If these strings should be plotted as numbers, cast to the appropriate data type before plotting.
2025-02-14 15:18:25,179 - matplotlib.category - INFO - Using categorical units to plot a list of strings that are all parsable as floats or dates. If these strings should be plotted as numbers, cast to the appropriate data type before plotting.
2025-02-14 15:18:25,654 - matplotlib.category - INFO - Using categorical units to plot a list of strings that are all parsable as floats or dates. If these strings should be plotted as numbers, cast to the appropriate data type before plotting.
2025-02-14 15:18:25,658 - matplotlib.category - INFO - Using categorical units to plot a list of strings that are all parsable as floats or dates. If these strings should be plotted as numbers, cast to the appropriate data type before plotting.
2025-02-14 15:18:26,137 - matplotlib.category - INFO - Using categorical units to plot a list of strings that are all parsable as floats or dates. If these strings should be plotted as numbers, cast to the appropriate data type before plotting.
2025-02-14 15:18:26,141 - matplotlib.category - INFO - Using categorical units to plot a list of strings that are all parsable as floats or dates. If these strings should be plotted as numbers, cast to the appropriate data type before plotting.
2025-02-14 15:18:26,710 - matplotlib.category - INFO - Using categorical units to plot a list of strings that are all parsable as floats or dates. If these strings should be plotted as numbers, cast to the appropriate data type before plotting.
2025-02-14 15:18:26,714 - matplotlib.category - INFO - Using categorical units to plot a list of strings that are all parsable as floats or dates. If these strings should be plotted as numbers, cast to the appropriate data type before plotting.
2025-02-14 15:18:27,350 - matplotlib.category - INFO - Using categorical units to plot a list of strings that are all parsable as floats or dates. If these strings should be plotted as numbers, cast to the appropriate data type before plotting.
2025-02-14 15:18:27,354 - matplotlib.category - INFO - Using categorical units to plot a list of strings that are all parsable as floats or dates. If these strings should be plotted as numbers, cast to the appropriate data type before plotting.
2025-02-14 15:18:27,801 - matplotlib.category - INFO - Using categorical units to plot a list of strings that are all parsable as floats or dates. If these strings should be plotted as numbers, cast to the appropriate data type before plotting.
2025-02-14 15:18:27,805 - matplotlib.category - INFO - Using categorical units to plot a list of strings that are all parsable as floats or dates. If these strings should be plotted as numbers, cast to the appropriate data type before plotting.
2025-02-14 15:18:28,293 - matplotlib.category - INFO - Using categorical units to plot a list of strings that are all parsable as floats or dates. If these strings should be plotted as numbers, cast to the appropriate data type before plotting.
2025-02-14 15:18:28,297 - matplotlib.category - INFO - Using categorical units to plot a list of strings that are all parsable as floats or dates. If these strings should be plotted as numbers, cast to the appropriate data type before plotting.
2025-02-14 15:18:28,781 - matplotlib.category - INFO - Using categorical units to plot a list of strings that are all parsable as floats or dates. If these strings should be plotted as numbers, cast to the appropriate data type before plotting.
2025-02-14 15:18:28,786 - matplotlib.category - INFO - Using categorical units to plot a list of strings that are all parsable as floats or dates. If these strings should be plotted as numbers, cast to the appropriate data type before plotting.
2025-02-14 15:18:29,264 - matplotlib.category - INFO - Using categorical units to plot a list of strings that are all parsable as floats or dates. If these strings should be plotted as numbers, cast to the appropriate data type before plotting.
2025-02-14 15:18:29,269 - matplotlib.category - INFO - Using categorical units to plot a list of strings that are all parsable as floats or dates. If these strings should be plotted as numbers, cast to the appropriate data type before plotting.
2025-02-14 15:18:29,668 - matplotlib.category - INFO - Using categorical units to plot a list of strings that are all parsable as floats or dates. If these strings should be plotted as numbers, cast to the appropriate data type before plotting.
2025-02-14 15:18:29,672 - matplotlib.category - INFO - Using categorical units to plot a list of strings that are all parsable as floats or dates. If these strings should be plotted as numbers, cast to the appropriate data type before plotting.
2025-02-14 15:18:30,146 - matplotlib.category - INFO - Using categorical units to plot a list of strings that are all parsable as floats or dates. If these strings should be plotted as numbers, cast to the appropriate data type before plotting.
2025-02-14 15:18:30,152 - matplotlib.category - INFO - Using categorical units to plot a list of strings that are all parsable as floats or dates. If these strings should be plotted as numbers, cast to the appropriate data type before plotting.
2025-02-14 15:18:30,595 - matplotlib.category - INFO - Using categorical units to plot a list of strings that are all parsable as floats or dates. If these strings should be plotted as numbers, cast to the appropriate data type before plotting.
2025-02-14 15:18:30,600 - matplotlib.category - INFO - Using categorical units to plot a list of strings that are all parsable as floats or dates. If these strings should be plotted as numbers, cast to the appropriate data type before plotting.
2025-02-14 15:18:31,136 - matplotlib.category - INFO - Using categorical units to plot a list of strings that are all parsable as floats or dates. If these strings should be plotted as numbers, cast to the appropriate data type before plotting.
2025-02-14 15:18:31,140 - matplotlib.category - INFO - Using categorical units to plot a list of strings that are all parsable as floats or dates. If these strings should be plotted as numbers, cast to the appropriate data type before plotting.
2025-02-14 15:18:31,776 - matplotlib.category - INFO - Using categorical units to plot a list of strings that are all parsable as floats or dates. If these strings should be plotted as numbers, cast to the appropriate data type before plotting.
2025-02-14 15:18:31,781 - matplotlib.category - INFO - Using categorical units to plot a list of strings that are all parsable as floats or dates. If these strings should be plotted as numbers, cast to the appropriate data type before plotting.
2025-02-14 15:18:32,270 - matplotlib.category - INFO - Using categorical units to plot a list of strings that are all parsable as floats or dates. If these strings should be plotted as numbers, cast to the appropriate data type before plotting.
2025-02-14 15:18:32,274 - matplotlib.category - INFO - Using categorical units to plot a list of strings that are all parsable as floats or dates. If these strings should be plotted as numbers, cast to the appropriate data type before plotting.
2025-02-14 15:18:32,775 - matplotlib.category - INFO - Using categorical units to plot a list of strings that are all parsable as floats or dates. If these strings should be plotted as numbers, cast to the appropriate data type before plotting.
2025-02-14 15:18:32,778 - matplotlib.category - INFO - Using categorical units to plot a list of strings that are all parsable as floats or dates. If these strings should be plotted as numbers, cast to the appropriate data type before plotting.
2025-02-14 15:18:33,290 - matplotlib.category - INFO - Using categorical units to plot a list of strings that are all parsable as floats or dates. If these strings should be plotted as numbers, cast to the appropriate data type before plotting.
2025-02-14 15:18:33,294 - matplotlib.category - INFO - Using categorical units to plot a list of strings that are all parsable as floats or dates. If these strings should be plotted as numbers, cast to the appropriate data type before plotting.
2025-02-14 15:18:33,757 - matplotlib.category - INFO - Using categorical units to plot a list of strings that are all parsable as floats or dates. If these strings should be plotted as numbers, cast to the appropriate data type before plotting.
2025-02-14 15:18:33,761 - matplotlib.category - INFO - Using categorical units to plot a list of strings that are all parsable as floats or dates. If these strings should be plotted as numbers, cast to the appropriate data type before plotting.
2025-02-14 15:18:34,274 - matplotlib.category - INFO - Using categorical units to plot a list of strings that are all parsable as floats or dates. If these strings should be plotted as numbers, cast to the appropriate data type before plotting.
2025-02-14 15:18:34,278 - matplotlib.category - INFO - Using categorical units to plot a list of strings that are all parsable as floats or dates. If these strings should be plotted as numbers, cast to the appropriate data type before plotting.
2025-02-14 15:18:34,738 - matplotlib.category - INFO - Using categorical units to plot a list of strings that are all parsable as floats or dates. If these strings should be plotted as numbers, cast to the appropriate data type before plotting.
2025-02-14 15:18:34,742 - matplotlib.category - INFO - Using categorical units to plot a list of strings that are all parsable as floats or dates. If these strings should be plotted as numbers, cast to the appropriate data type before plotting.
2025-02-14 15:18:35,217 - matplotlib.category - INFO - Using categorical units to plot a list of strings that are all parsable as floats or dates. If these strings should be plotted as numbers, cast to the appropriate data type before plotting.
2025-02-14 15:18:35,221 - matplotlib.category - INFO - Using categorical units to plot a list of strings that are all parsable as floats or dates. If these strings should be plotted as numbers, cast to the appropriate data type before plotting.
2025-02-14 15:18:35,674 - matplotlib.category - INFO - Using categorical units to plot a list of strings that are all parsable as floats or dates. If these strings should be plotted as numbers, cast to the appropriate data type before plotting.
2025-02-14 15:18:35,678 - matplotlib.category - INFO - Using categorical units to plot a list of strings that are all parsable as floats or dates. If these strings should be plotted as numbers, cast to the appropriate data type before plotting.
2025-02-14 15:18:36,182 - matplotlib.category - INFO - Using categorical units to plot a list of strings that are all parsable as floats or dates. If these strings should be plotted as numbers, cast to the appropriate data type before plotting.
2025-02-14 15:18:36,187 - matplotlib.category - INFO - Using categorical units to plot a list of strings that are all parsable as floats or dates. If these strings should be plotted as numbers, cast to the appropriate data type before plotting.
2025-02-14 15:18:36,646 - matplotlib.category - INFO - Using categorical units to plot a list of strings that are all parsable as floats or dates. If these strings should be plotted as numbers, cast to the appropriate data type before plotting.
2025-02-14 15:18:36,651 - matplotlib.category - INFO - Using categorical units to plot a list of strings that are all parsable as floats or dates. If these strings should be plotted as numbers, cast to the appropriate data type before plotting.
2025-02-14 15:18:37,141 - matplotlib.category - INFO - Using categorical units to plot a list of strings that are all parsable as floats or dates. If these strings should be plotted as numbers, cast to the appropriate data type before plotting.
2025-02-14 15:18:37,145 - matplotlib.category - INFO - Using categorical units to plot a list of strings that are all parsable as floats or dates. If these strings should be plotted as numbers, cast to the appropriate data type before plotting.
2025-02-14 15:18:37,591 - matplotlib.category - INFO - Using categorical units to plot a list of strings that are all parsable as floats or dates. If these strings should be plotted as numbers, cast to the appropriate data type before plotting.
2025-02-14 15:18:37,595 - matplotlib.category - INFO - Using categorical units to plot a list of strings that are all parsable as floats or dates. If these strings should be plotted as numbers, cast to the appropriate data type before plotting.
2025-02-14 15:18:38,105 - matplotlib.category - INFO - Using categorical units to plot a list of strings that are all parsable as floats or dates. If these strings should be plotted as numbers, cast to the appropriate data type before plotting.
2025-02-14 15:18:38,109 - matplotlib.category - INFO - Using categorical units to plot a list of strings that are all parsable as floats or dates. If these strings should be plotted as numbers, cast to the appropriate data type before plotting.
2025-02-14 15:18:38,618 - matplotlib.category - INFO - Using categorical units to plot a list of strings that are all parsable as floats or dates. If these strings should be plotted as numbers, cast to the appropriate data type before plotting.
2025-02-14 15:18:38,622 - matplotlib.category - INFO - Using categorical units to plot a list of strings that are all parsable as floats or dates. If these strings should be plotted as numbers, cast to the appropriate data type before plotting.
2025-02-14 15:18:39,133 - matplotlib.category - INFO - Using categorical units to plot a list of strings that are all parsable as floats or dates. If these strings should be plotted as numbers, cast to the appropriate data type before plotting.
2025-02-14 15:18:39,137 - matplotlib.category - INFO - Using categorical units to plot a list of strings that are all parsable as floats or dates. If these strings should be plotted as numbers, cast to the appropriate data type before plotting.
2025-02-14 15:18:39,490 - StudentAnalyzer - INFO - Feature distribution analysis completed
2025-02-14 15:18:39,491 - StudentAnalyzer - INFO - Starting performance analysis
2025-02-14 15:18:39,491 - StudentAnalyzer - INFO - Starting academic performance analysis
2025-02-14 15:18:39,566 - matplotlib.category - INFO - Using categorical units to plot a list of strings that are all parsable as floats or dates. If these strings should be plotted as numbers, cast to the appropriate data type before plotting.
2025-02-14 15:18:39,570 - matplotlib.category - INFO - Using categorical units to plot a list of strings that are all parsable as floats or dates. If these strings should be plotted as numbers, cast to the appropriate data type before plotting.
2025-02-14 15:18:40,032 - StudentAnalyzer - ERROR - Error in academic performance analysis: 'float' object is not subscriptable
2025-02-14 15:18:40,032 - StudentAnalyzer - INFO - Starting correlation analysis
2025-02-14 15:18:40,032 - StudentAnalyzer - INFO - Starting correlation analysis
2025-02-14 15:18:41,762 - StudentAnalyzer - INFO - Correlation analysis completed
2025-02-14 15:18:41,763 - StudentAnalyzer - INFO - Starting risk analysis
2025-02-14 15:18:41,763 - StudentAnalyzer - INFO - Starting dropout pattern analysis
2025-02-14 15:18:43,034 - matplotlib.category - INFO - Using categorical units to plot a list of strings that are all parsable as floats or dates. If these strings should be plotted as numbers, cast to the appropriate data type before plotting.
2025-02-14 15:18:43,038 - matplotlib.category - INFO - Using categorical units to plot a list of strings that are all parsable as floats or dates. If these strings should be plotted as numbers, cast to the appropriate data type before plotting.
2025-02-14 15:18:43,646 - matplotlib.category - INFO - Using categorical units to plot a list of strings that are all parsable as floats or dates. If these strings should be plotted as numbers, cast to the appropriate data type before plotting.
2025-02-14 15:18:43,650 - matplotlib.category - INFO - Using categorical units to plot a list of strings that are all parsable as floats or dates. If these strings should be plotted as numbers, cast to the appropriate data type before plotting.
2025-02-14 15:18:44,537 - matplotlib.category - INFO - Using categorical units to plot a list of strings that are all parsable as floats or dates. If these strings should be plotted as numbers, cast to the appropriate data type before plotting.
2025-02-14 15:18:44,541 - matplotlib.category - INFO - Using categorical units to plot a list of strings that are all parsable as floats or dates. If these strings should be plotted as numbers, cast to the appropriate data type before plotting.
2025-02-14 15:18:45,157 - StudentAnalyzer - INFO - Dropout pattern analysis completed
2025-02-14 15:18:45,157 - StudentAnalyzer - INFO - Starting risk assessment generation
2025-02-14 15:18:45,163 - StudentAnalyzer - ERROR - Error in risk assessment generation: Bin edges must be unique: Index([0.0, 0.0, 0.0, 1.0], dtype='float64', name='risk_score').
You can drop duplicate edges by setting the 'duplicates' kwarg
2025-02-14 15:18:45,163 - StudentAnalyzer - INFO - Starting semester analysis
2025-02-14 15:18:45,164 - StudentAnalyzer - INFO - Starting semester pattern analysis
2025-02-14 15:18:45,958 - StudentAnalyzer - INFO - Semester pattern analysis completed
2025-02-14 15:18:45,959 - StudentAnalyzer - INFO - Starting ensemble analysis
2025-02-14 15:18:45,959 - StudentAnalyzer - INFO - Preparing features for ensemble analysis
2025-02-14 15:18:45,970 - StudentAnalyzer - INFO - Prepared features with shape: (4424, 36)
2025-02-14 15:18:45,972 - StudentAnalyzer - INFO - Starting ensemble analysis of dropout patterns
2025-02-14 15:18:45,974 - StudentAnalyzer - ERROR - Error in dropout pattern analysis: 'EnsembleAnalyzer' object has no attribute '_train_model_parallel'
2025-02-14 15:18:45,975 - StudentAnalyzer - ERROR - Error generating risk scores: This RandomForestClassifier instance is not fitted yet. Call 'fit' with appropriate arguments before using this estimator.
2025-02-14 15:18:45,975 - StudentAnalyzer - INFO - Generating reports and exporting results
2025-02-14 15:18:45,975 - StudentAnalyzer - ERROR - Error generating summary report: [Errno 2] No such file or directory: 'analysis_results\\summary_report.txt'
2025-02-14 15:18:45,975 - StudentAnalyzer - ERROR - Error in main execution: [Errno 2] No such file or directory: 'analysis_results\\summary_report.txt'
2025-02-14 15:18:45,976 - StudentAnalyzer - ERROR - Detailed error trace:
Traceback (most recent call last):
  File "C:\Users\tiago.batista\Documents\personal\data-mining-project\main.py", line 140, in main
    report_generator.generate_summary_report(output_path)
    ~~~~~~~~~~~~~~~~~~~~~~~~~~~~~~~~~~~~~~~~^^^^^^^^^^^^^
  File "C:\Users\tiago.batista\Documents\personal\data-mining-project\export\report_generator.py", line 33, in generate_summary_report
    with open(output_path / "summary_report.txt", "w") as f:
         ~~~~^^^^^^^^^^^^^^^^^^^^^^^^^^^^^^^^^^^^^^^^^
FileNotFoundError: [Errno 2] No such file or directory: 'analysis_results\\summary_report.txt'
