2025-02-14 16:17:11,213 - StudentAnalyzer - INFO - Logging initialized. Log file: logs\student_analysis_20250214_161711.log
2025-02-14 16:17:11,214 - StudentAnalyzer - INFO - Starting main execution
2025-02-14 16:17:11,215 - StudentAnalyzer - INFO - Loading data from: data/cleaned_dataset.csv
2025-02-14 16:17:11,233 - StudentAnalyzer - INFO - Dataset loaded successfully. Shape: (4424, 37)
2025-02-14 16:17:11,233 - StudentAnalyzer - INFO - Validating data
2025-02-14 16:17:11,237 - StudentAnalyzer - INFO - Preprocessing data
2025-02-14 16:17:11,237 - StudentAnalyzer - INFO - Setting up data types and optimizing memory usage
2025-02-14 16:17:11,242 - StudentAnalyzer - INFO - Initial memory usage: 1.25 MB
2025-02-14 16:17:11,250 - StudentAnalyzer - INFO - Final memory usage: 0.34 MB
2025-02-14 16:17:11,250 - StudentAnalyzer - INFO - Memory reduction: 72.63%
2025-02-14 16:17:11,251 - StudentAnalyzer - INFO - Number of numeric features: 36
2025-02-14 16:17:11,251 - StudentAnalyzer - INFO - Number of categorical features: 0
2025-02-14 16:17:11,251 - StudentAnalyzer - INFO - Starting feature analysis
2025-02-14 16:17:11,251 - StudentAnalyzer - INFO - Starting feature distribution analysis
2025-02-14 16:17:11,532 - matplotlib.category - INFO - Using categorical units to plot a list of strings that are all parsable as floats or dates. If these strings should be plotted as numbers, cast to the appropriate data type before plotting.
2025-02-14 16:17:11,538 - matplotlib.category - INFO - Using categorical units to plot a list of strings that are all parsable as floats or dates. If these strings should be plotted as numbers, cast to the appropriate data type before plotting.
2025-02-14 16:17:17,542 - matplotlib.category - INFO - Using categorical units to plot a list of strings that are all parsable as floats or dates. If these strings should be plotted as numbers, cast to the appropriate data type before plotting.
2025-02-14 16:17:17,550 - matplotlib.category - INFO - Using categorical units to plot a list of strings that are all parsable as floats or dates. If these strings should be plotted as numbers, cast to the appropriate data type before plotting.
2025-02-14 16:17:18,112 - matplotlib.category - INFO - Using categorical units to plot a list of strings that are all parsable as floats or dates. If these strings should be plotted as numbers, cast to the appropriate data type before plotting.
2025-02-14 16:17:18,116 - matplotlib.category - INFO - Using categorical units to plot a list of strings that are all parsable as floats or dates. If these strings should be plotted as numbers, cast to the appropriate data type before plotting.
2025-02-14 16:17:18,602 - matplotlib.category - INFO - Using categorical units to plot a list of strings that are all parsable as floats or dates. If these strings should be plotted as numbers, cast to the appropriate data type before plotting.
2025-02-14 16:17:18,608 - matplotlib.category - INFO - Using categorical units to plot a list of strings that are all parsable as floats or dates. If these strings should be plotted as numbers, cast to the appropriate data type before plotting.
2025-02-14 16:17:19,089 - matplotlib.category - INFO - Using categorical units to plot a list of strings that are all parsable as floats or dates. If these strings should be plotted as numbers, cast to the appropriate data type before plotting.
2025-02-14 16:17:19,094 - matplotlib.category - INFO - Using categorical units to plot a list of strings that are all parsable as floats or dates. If these strings should be plotted as numbers, cast to the appropriate data type before plotting.
2025-02-14 16:17:19,603 - matplotlib.category - INFO - Using categorical units to plot a list of strings that are all parsable as floats or dates. If these strings should be plotted as numbers, cast to the appropriate data type before plotting.
2025-02-14 16:17:19,609 - matplotlib.category - INFO - Using categorical units to plot a list of strings that are all parsable as floats or dates. If these strings should be plotted as numbers, cast to the appropriate data type before plotting.
2025-02-14 16:17:20,140 - matplotlib.category - INFO - Using categorical units to plot a list of strings that are all parsable as floats or dates. If these strings should be plotted as numbers, cast to the appropriate data type before plotting.
2025-02-14 16:17:20,144 - matplotlib.category - INFO - Using categorical units to plot a list of strings that are all parsable as floats or dates. If these strings should be plotted as numbers, cast to the appropriate data type before plotting.
2025-02-14 16:17:20,661 - matplotlib.category - INFO - Using categorical units to plot a list of strings that are all parsable as floats or dates. If these strings should be plotted as numbers, cast to the appropriate data type before plotting.
2025-02-14 16:17:20,666 - matplotlib.category - INFO - Using categorical units to plot a list of strings that are all parsable as floats or dates. If these strings should be plotted as numbers, cast to the appropriate data type before plotting.
2025-02-14 16:17:21,149 - matplotlib.category - INFO - Using categorical units to plot a list of strings that are all parsable as floats or dates. If these strings should be plotted as numbers, cast to the appropriate data type before plotting.
2025-02-14 16:17:21,154 - matplotlib.category - INFO - Using categorical units to plot a list of strings that are all parsable as floats or dates. If these strings should be plotted as numbers, cast to the appropriate data type before plotting.
2025-02-14 16:17:21,661 - matplotlib.category - INFO - Using categorical units to plot a list of strings that are all parsable as floats or dates. If these strings should be plotted as numbers, cast to the appropriate data type before plotting.
2025-02-14 16:17:21,665 - matplotlib.category - INFO - Using categorical units to plot a list of strings that are all parsable as floats or dates. If these strings should be plotted as numbers, cast to the appropriate data type before plotting.
2025-02-14 16:17:22,233 - matplotlib.category - INFO - Using categorical units to plot a list of strings that are all parsable as floats or dates. If these strings should be plotted as numbers, cast to the appropriate data type before plotting.
2025-02-14 16:17:22,238 - matplotlib.category - INFO - Using categorical units to plot a list of strings that are all parsable as floats or dates. If these strings should be plotted as numbers, cast to the appropriate data type before plotting.
2025-02-14 16:17:22,778 - matplotlib.category - INFO - Using categorical units to plot a list of strings that are all parsable as floats or dates. If these strings should be plotted as numbers, cast to the appropriate data type before plotting.
2025-02-14 16:17:22,782 - matplotlib.category - INFO - Using categorical units to plot a list of strings that are all parsable as floats or dates. If these strings should be plotted as numbers, cast to the appropriate data type before plotting.
2025-02-14 16:17:23,310 - matplotlib.category - INFO - Using categorical units to plot a list of strings that are all parsable as floats or dates. If these strings should be plotted as numbers, cast to the appropriate data type before plotting.
2025-02-14 16:17:23,314 - matplotlib.category - INFO - Using categorical units to plot a list of strings that are all parsable as floats or dates. If these strings should be plotted as numbers, cast to the appropriate data type before plotting.
2025-02-14 16:17:23,820 - matplotlib.category - INFO - Using categorical units to plot a list of strings that are all parsable as floats or dates. If these strings should be plotted as numbers, cast to the appropriate data type before plotting.
2025-02-14 16:17:23,825 - matplotlib.category - INFO - Using categorical units to plot a list of strings that are all parsable as floats or dates. If these strings should be plotted as numbers, cast to the appropriate data type before plotting.
2025-02-14 16:17:24,286 - matplotlib.category - INFO - Using categorical units to plot a list of strings that are all parsable as floats or dates. If these strings should be plotted as numbers, cast to the appropriate data type before plotting.
2025-02-14 16:17:24,291 - matplotlib.category - INFO - Using categorical units to plot a list of strings that are all parsable as floats or dates. If these strings should be plotted as numbers, cast to the appropriate data type before plotting.
2025-02-14 16:17:24,746 - matplotlib.category - INFO - Using categorical units to plot a list of strings that are all parsable as floats or dates. If these strings should be plotted as numbers, cast to the appropriate data type before plotting.
2025-02-14 16:17:24,750 - matplotlib.category - INFO - Using categorical units to plot a list of strings that are all parsable as floats or dates. If these strings should be plotted as numbers, cast to the appropriate data type before plotting.
2025-02-14 16:17:25,206 - matplotlib.category - INFO - Using categorical units to plot a list of strings that are all parsable as floats or dates. If these strings should be plotted as numbers, cast to the appropriate data type before plotting.
2025-02-14 16:17:25,211 - matplotlib.category - INFO - Using categorical units to plot a list of strings that are all parsable as floats or dates. If these strings should be plotted as numbers, cast to the appropriate data type before plotting.
2025-02-14 16:17:25,673 - matplotlib.category - INFO - Using categorical units to plot a list of strings that are all parsable as floats or dates. If these strings should be plotted as numbers, cast to the appropriate data type before plotting.
2025-02-14 16:17:25,678 - matplotlib.category - INFO - Using categorical units to plot a list of strings that are all parsable as floats or dates. If these strings should be plotted as numbers, cast to the appropriate data type before plotting.
2025-02-14 16:17:26,202 - matplotlib.category - INFO - Using categorical units to plot a list of strings that are all parsable as floats or dates. If these strings should be plotted as numbers, cast to the appropriate data type before plotting.
2025-02-14 16:17:26,206 - matplotlib.category - INFO - Using categorical units to plot a list of strings that are all parsable as floats or dates. If these strings should be plotted as numbers, cast to the appropriate data type before plotting.
2025-02-14 16:17:26,727 - matplotlib.category - INFO - Using categorical units to plot a list of strings that are all parsable as floats or dates. If these strings should be plotted as numbers, cast to the appropriate data type before plotting.
2025-02-14 16:17:26,731 - matplotlib.category - INFO - Using categorical units to plot a list of strings that are all parsable as floats or dates. If these strings should be plotted as numbers, cast to the appropriate data type before plotting.
2025-02-14 16:17:27,176 - matplotlib.category - INFO - Using categorical units to plot a list of strings that are all parsable as floats or dates. If these strings should be plotted as numbers, cast to the appropriate data type before plotting.
2025-02-14 16:17:27,180 - matplotlib.category - INFO - Using categorical units to plot a list of strings that are all parsable as floats or dates. If these strings should be plotted as numbers, cast to the appropriate data type before plotting.
2025-02-14 16:17:27,647 - matplotlib.category - INFO - Using categorical units to plot a list of strings that are all parsable as floats or dates. If these strings should be plotted as numbers, cast to the appropriate data type before plotting.
2025-02-14 16:17:27,652 - matplotlib.category - INFO - Using categorical units to plot a list of strings that are all parsable as floats or dates. If these strings should be plotted as numbers, cast to the appropriate data type before plotting.
2025-02-14 16:17:28,111 - matplotlib.category - INFO - Using categorical units to plot a list of strings that are all parsable as floats or dates. If these strings should be plotted as numbers, cast to the appropriate data type before plotting.
2025-02-14 16:17:28,115 - matplotlib.category - INFO - Using categorical units to plot a list of strings that are all parsable as floats or dates. If these strings should be plotted as numbers, cast to the appropriate data type before plotting.
2025-02-14 16:17:28,520 - matplotlib.category - INFO - Using categorical units to plot a list of strings that are all parsable as floats or dates. If these strings should be plotted as numbers, cast to the appropriate data type before plotting.
2025-02-14 16:17:28,524 - matplotlib.category - INFO - Using categorical units to plot a list of strings that are all parsable as floats or dates. If these strings should be plotted as numbers, cast to the appropriate data type before plotting.
2025-02-14 16:17:29,050 - matplotlib.category - INFO - Using categorical units to plot a list of strings that are all parsable as floats or dates. If these strings should be plotted as numbers, cast to the appropriate data type before plotting.
2025-02-14 16:17:29,055 - matplotlib.category - INFO - Using categorical units to plot a list of strings that are all parsable as floats or dates. If these strings should be plotted as numbers, cast to the appropriate data type before plotting.
2025-02-14 16:17:29,566 - matplotlib.category - INFO - Using categorical units to plot a list of strings that are all parsable as floats or dates. If these strings should be plotted as numbers, cast to the appropriate data type before plotting.
2025-02-14 16:17:29,572 - matplotlib.category - INFO - Using categorical units to plot a list of strings that are all parsable as floats or dates. If these strings should be plotted as numbers, cast to the appropriate data type before plotting.
2025-02-14 16:17:30,028 - matplotlib.category - INFO - Using categorical units to plot a list of strings that are all parsable as floats or dates. If these strings should be plotted as numbers, cast to the appropriate data type before plotting.
2025-02-14 16:17:30,033 - matplotlib.category - INFO - Using categorical units to plot a list of strings that are all parsable as floats or dates. If these strings should be plotted as numbers, cast to the appropriate data type before plotting.
2025-02-14 16:17:30,549 - matplotlib.category - INFO - Using categorical units to plot a list of strings that are all parsable as floats or dates. If these strings should be plotted as numbers, cast to the appropriate data type before plotting.
2025-02-14 16:17:30,554 - matplotlib.category - INFO - Using categorical units to plot a list of strings that are all parsable as floats or dates. If these strings should be plotted as numbers, cast to the appropriate data type before plotting.
2025-02-14 16:17:31,097 - matplotlib.category - INFO - Using categorical units to plot a list of strings that are all parsable as floats or dates. If these strings should be plotted as numbers, cast to the appropriate data type before plotting.
2025-02-14 16:17:31,101 - matplotlib.category - INFO - Using categorical units to plot a list of strings that are all parsable as floats or dates. If these strings should be plotted as numbers, cast to the appropriate data type before plotting.
2025-02-14 16:17:31,598 - matplotlib.category - INFO - Using categorical units to plot a list of strings that are all parsable as floats or dates. If these strings should be plotted as numbers, cast to the appropriate data type before plotting.
2025-02-14 16:17:31,603 - matplotlib.category - INFO - Using categorical units to plot a list of strings that are all parsable as floats or dates. If these strings should be plotted as numbers, cast to the appropriate data type before plotting.
2025-02-14 16:17:32,064 - matplotlib.category - INFO - Using categorical units to plot a list of strings that are all parsable as floats or dates. If these strings should be plotted as numbers, cast to the appropriate data type before plotting.
2025-02-14 16:17:32,069 - matplotlib.category - INFO - Using categorical units to plot a list of strings that are all parsable as floats or dates. If these strings should be plotted as numbers, cast to the appropriate data type before plotting.
2025-02-14 16:17:32,567 - matplotlib.category - INFO - Using categorical units to plot a list of strings that are all parsable as floats or dates. If these strings should be plotted as numbers, cast to the appropriate data type before plotting.
2025-02-14 16:17:32,572 - matplotlib.category - INFO - Using categorical units to plot a list of strings that are all parsable as floats or dates. If these strings should be plotted as numbers, cast to the appropriate data type before plotting.
2025-02-14 16:17:33,133 - matplotlib.category - INFO - Using categorical units to plot a list of strings that are all parsable as floats or dates. If these strings should be plotted as numbers, cast to the appropriate data type before plotting.
2025-02-14 16:17:33,139 - matplotlib.category - INFO - Using categorical units to plot a list of strings that are all parsable as floats or dates. If these strings should be plotted as numbers, cast to the appropriate data type before plotting.
2025-02-14 16:17:33,646 - matplotlib.category - INFO - Using categorical units to plot a list of strings that are all parsable as floats or dates. If these strings should be plotted as numbers, cast to the appropriate data type before plotting.
2025-02-14 16:17:33,650 - matplotlib.category - INFO - Using categorical units to plot a list of strings that are all parsable as floats or dates. If these strings should be plotted as numbers, cast to the appropriate data type before plotting.
2025-02-14 16:17:34,232 - matplotlib.category - INFO - Using categorical units to plot a list of strings that are all parsable as floats or dates. If these strings should be plotted as numbers, cast to the appropriate data type before plotting.
2025-02-14 16:17:34,237 - matplotlib.category - INFO - Using categorical units to plot a list of strings that are all parsable as floats or dates. If these strings should be plotted as numbers, cast to the appropriate data type before plotting.
2025-02-14 16:17:34,815 - matplotlib.category - INFO - Using categorical units to plot a list of strings that are all parsable as floats or dates. If these strings should be plotted as numbers, cast to the appropriate data type before plotting.
2025-02-14 16:17:34,820 - matplotlib.category - INFO - Using categorical units to plot a list of strings that are all parsable as floats or dates. If these strings should be plotted as numbers, cast to the appropriate data type before plotting.
2025-02-14 16:17:35,210 - StudentAnalyzer - INFO - Feature distribution analysis completed
2025-02-14 16:17:35,211 - StudentAnalyzer - INFO - Starting performance analysis
2025-02-14 16:17:35,211 - StudentAnalyzer - INFO - Starting academic performance analysis
2025-02-14 16:17:35,281 - matplotlib.category - INFO - Using categorical units to plot a list of strings that are all parsable as floats or dates. If these strings should be plotted as numbers, cast to the appropriate data type before plotting.
2025-02-14 16:17:35,287 - matplotlib.category - INFO - Using categorical units to plot a list of strings that are all parsable as floats or dates. If these strings should be plotted as numbers, cast to the appropriate data type before plotting.
2025-02-14 16:17:35,739 - StudentAnalyzer - ERROR - Error in academic performance analysis: 'float' object is not subscriptable
2025-02-14 16:17:35,739 - StudentAnalyzer - INFO - Starting correlation analysis
2025-02-14 16:17:35,739 - StudentAnalyzer - INFO - Starting correlation analysis
2025-02-14 16:17:37,562 - StudentAnalyzer - INFO - Correlation analysis completed
2025-02-14 16:17:37,563 - StudentAnalyzer - INFO - Starting risk analysis
2025-02-14 16:17:37,563 - StudentAnalyzer - INFO - Starting dropout pattern analysis
2025-02-14 16:17:38,672 - matplotlib.category - INFO - Using categorical units to plot a list of strings that are all parsable as floats or dates. If these strings should be plotted as numbers, cast to the appropriate data type before plotting.
2025-02-14 16:17:38,676 - matplotlib.category - INFO - Using categorical units to plot a list of strings that are all parsable as floats or dates. If these strings should be plotted as numbers, cast to the appropriate data type before plotting.
2025-02-14 16:17:39,212 - matplotlib.category - INFO - Using categorical units to plot a list of strings that are all parsable as floats or dates. If these strings should be plotted as numbers, cast to the appropriate data type before plotting.
2025-02-14 16:17:39,217 - matplotlib.category - INFO - Using categorical units to plot a list of strings that are all parsable as floats or dates. If these strings should be plotted as numbers, cast to the appropriate data type before plotting.
2025-02-14 16:17:40,150 - matplotlib.category - INFO - Using categorical units to plot a list of strings that are all parsable as floats or dates. If these strings should be plotted as numbers, cast to the appropriate data type before plotting.
2025-02-14 16:17:40,154 - matplotlib.category - INFO - Using categorical units to plot a list of strings that are all parsable as floats or dates. If these strings should be plotted as numbers, cast to the appropriate data type before plotting.
2025-02-14 16:17:40,741 - StudentAnalyzer - INFO - Dropout pattern analysis completed
2025-02-14 16:17:40,741 - StudentAnalyzer - INFO - Starting risk assessment generation
2025-02-14 16:17:40,747 - StudentAnalyzer - ERROR - Error in risk assessment generation: Bin edges must be unique: Index([0.0, 0.0, 0.0, 1.0], dtype='float64', name='risk_score').
You can drop duplicate edges by setting the 'duplicates' kwarg
2025-02-14 16:17:40,747 - StudentAnalyzer - INFO - Starting semester analysis
2025-02-14 16:17:40,748 - StudentAnalyzer - INFO - Starting semester pattern analysis
2025-02-14 16:17:41,494 - StudentAnalyzer - INFO - Semester pattern analysis completed
2025-02-14 16:17:41,495 - StudentAnalyzer - INFO - Starting ensemble analysis
2025-02-14 16:17:41,496 - StudentAnalyzer - INFO - Preparing features with advanced engineering
2025-02-14 16:17:41,514 - StudentAnalyzer - INFO - Prepared features with shape: (4424, 48)
2025-02-14 16:17:41,515 - StudentAnalyzer - INFO - Optimizing model hyperparameters...
2025-02-14 16:17:41,515 - StudentAnalyzer - INFO - Starting hyperparameter optimization
2025-02-14 16:17:41,517 - StudentAnalyzer - INFO - Starting ensemble analysis of dropout patterns
2025-02-14 16:17:51,000 - StudentAnalyzer - INFO - Starting ensemble analysis of dropout patterns
2025-02-14 16:17:51,001 - StudentAnalyzer - INFO - Using cached results
2025-02-14 16:17:51,003 - StudentAnalyzer - INFO - Starting ensemble analysis of dropout patterns
2025-02-14 16:17:51,003 - StudentAnalyzer - INFO - Using cached results
2025-02-14 16:17:51,005 - StudentAnalyzer - INFO - Starting ensemble analysis of dropout patterns
2025-02-14 16:17:51,005 - StudentAnalyzer - INFO - Using cached results
2025-02-14 16:17:51,007 - StudentAnalyzer - INFO - Starting ensemble analysis of dropout patterns
2025-02-14 16:17:51,008 - StudentAnalyzer - INFO - Using cached results
2025-02-14 16:17:51,010 - StudentAnalyzer - INFO - Starting ensemble analysis of dropout patterns
2025-02-14 16:17:51,011 - StudentAnalyzer - INFO - Using cached results
2025-02-14 16:17:51,013 - StudentAnalyzer - INFO - Starting ensemble analysis of dropout patterns
2025-02-14 16:17:51,014 - StudentAnalyzer - INFO - Using cached results
2025-02-14 16:17:51,016 - StudentAnalyzer - INFO - Starting ensemble analysis of dropout patterns
2025-02-14 16:17:51,017 - StudentAnalyzer - INFO - Using cached results
2025-02-14 16:17:51,020 - StudentAnalyzer - INFO - Starting ensemble analysis of dropout patterns
2025-02-14 16:17:51,021 - StudentAnalyzer - INFO - Using cached results
2025-02-14 16:17:51,023 - StudentAnalyzer - INFO - Starting ensemble analysis of dropout patterns
2025-02-14 16:17:51,024 - StudentAnalyzer - INFO - Using cached results
2025-02-14 16:17:51,049 - StudentAnalyzer - INFO - Starting ensemble analysis of dropout patterns
2025-02-14 16:17:51,049 - StudentAnalyzer - INFO - Using cached results
2025-02-14 16:17:51,074 - StudentAnalyzer - INFO - Starting ensemble analysis of dropout patterns
2025-02-14 16:17:51,075 - StudentAnalyzer - INFO - Using cached results
2025-02-14 16:17:51,098 - StudentAnalyzer - INFO - Starting ensemble analysis of dropout patterns
2025-02-14 16:17:51,099 - StudentAnalyzer - INFO - Using cached results
2025-02-14 16:17:51,123 - StudentAnalyzer - INFO - Starting ensemble analysis of dropout patterns
2025-02-14 16:17:51,124 - StudentAnalyzer - INFO - Using cached results
2025-02-14 16:17:51,148 - StudentAnalyzer - INFO - Starting ensemble analysis of dropout patterns
2025-02-14 16:17:51,149 - StudentAnalyzer - INFO - Using cached results
2025-02-14 16:17:51,174 - StudentAnalyzer - INFO - Starting ensemble analysis of dropout patterns
2025-02-14 16:17:51,174 - StudentAnalyzer - INFO - Using cached results
2025-02-14 16:17:51,199 - StudentAnalyzer - INFO - Starting ensemble analysis of dropout patterns
2025-02-14 16:17:51,201 - StudentAnalyzer - INFO - Using cached results
2025-02-14 16:17:51,225 - StudentAnalyzer - INFO - Starting ensemble analysis of dropout patterns
2025-02-14 16:17:51,226 - StudentAnalyzer - INFO - Using cached results
2025-02-14 16:17:51,249 - StudentAnalyzer - INFO - Starting ensemble analysis of dropout patterns
2025-02-14 16:17:51,250 - StudentAnalyzer - INFO - Using cached results
2025-02-14 16:17:51,274 - StudentAnalyzer - INFO - Starting ensemble analysis of dropout patterns
2025-02-14 16:17:51,275 - StudentAnalyzer - INFO - Using cached results
2025-02-14 16:17:51,299 - StudentAnalyzer - INFO - Starting ensemble analysis of dropout patterns
2025-02-14 16:17:51,300 - StudentAnalyzer - INFO - Using cached results
2025-02-14 16:17:51,324 - StudentAnalyzer - INFO - Starting ensemble analysis of dropout patterns
2025-02-14 16:17:51,325 - StudentAnalyzer - INFO - Using cached results
2025-02-14 16:17:51,351 - StudentAnalyzer - INFO - Starting ensemble analysis of dropout patterns
2025-02-14 16:17:51,352 - StudentAnalyzer - INFO - Using cached results
2025-02-14 16:17:51,379 - StudentAnalyzer - INFO - Starting ensemble analysis of dropout patterns
2025-02-14 16:17:51,380 - StudentAnalyzer - INFO - Using cached results
2025-02-14 16:17:51,406 - StudentAnalyzer - INFO - Starting ensemble analysis of dropout patterns
2025-02-14 16:17:51,407 - StudentAnalyzer - INFO - Using cached results
2025-02-14 16:17:51,432 - StudentAnalyzer - INFO - Starting ensemble analysis of dropout patterns
2025-02-14 16:17:51,433 - StudentAnalyzer - INFO - Using cached results
2025-02-14 16:17:51,460 - StudentAnalyzer - INFO - Starting ensemble analysis of dropout patterns
2025-02-14 16:17:51,461 - StudentAnalyzer - INFO - Using cached results
2025-02-14 16:17:51,488 - StudentAnalyzer - INFO - Starting ensemble analysis of dropout patterns
2025-02-14 16:17:51,489 - StudentAnalyzer - INFO - Using cached results
2025-02-14 16:17:51,515 - StudentAnalyzer - INFO - Starting ensemble analysis of dropout patterns
2025-02-14 16:17:51,516 - StudentAnalyzer - INFO - Using cached results
2025-02-14 16:17:51,543 - StudentAnalyzer - INFO - Starting ensemble analysis of dropout patterns
2025-02-14 16:17:51,544 - StudentAnalyzer - INFO - Using cached results
2025-02-14 16:17:51,572 - StudentAnalyzer - INFO - Starting ensemble analysis of dropout patterns
2025-02-14 16:17:51,573 - StudentAnalyzer - INFO - Using cached results
2025-02-14 16:17:51,600 - StudentAnalyzer - INFO - Starting ensemble analysis of dropout patterns
2025-02-14 16:17:51,602 - StudentAnalyzer - INFO - Using cached results
2025-02-14 16:17:51,630 - StudentAnalyzer - INFO - Starting ensemble analysis of dropout patterns
2025-02-14 16:17:51,631 - StudentAnalyzer - INFO - Using cached results
2025-02-14 16:17:51,660 - StudentAnalyzer - INFO - Starting ensemble analysis of dropout patterns
2025-02-14 16:17:51,661 - StudentAnalyzer - INFO - Using cached results
2025-02-14 16:17:51,691 - StudentAnalyzer - INFO - Starting ensemble analysis of dropout patterns
2025-02-14 16:17:51,692 - StudentAnalyzer - INFO - Using cached results
2025-02-14 16:17:51,718 - StudentAnalyzer - INFO - Starting ensemble analysis of dropout patterns
2025-02-14 16:17:51,719 - StudentAnalyzer - INFO - Using cached results
2025-02-14 16:17:51,747 - StudentAnalyzer - INFO - Starting ensemble analysis of dropout patterns
2025-02-14 16:17:51,747 - StudentAnalyzer - INFO - Using cached results
2025-02-14 16:17:51,776 - StudentAnalyzer - INFO - Starting ensemble analysis of dropout patterns
2025-02-14 16:17:51,777 - StudentAnalyzer - INFO - Using cached results
2025-02-14 16:17:51,805 - StudentAnalyzer - INFO - Starting ensemble analysis of dropout patterns
2025-02-14 16:17:51,806 - StudentAnalyzer - INFO - Using cached results
2025-02-14 16:17:51,833 - StudentAnalyzer - INFO - Starting ensemble analysis of dropout patterns
2025-02-14 16:17:51,835 - StudentAnalyzer - INFO - Using cached results
2025-02-14 16:17:51,865 - StudentAnalyzer - INFO - Starting ensemble analysis of dropout patterns
2025-02-14 16:17:51,866 - StudentAnalyzer - INFO - Using cached results
2025-02-14 16:17:51,895 - StudentAnalyzer - INFO - Starting ensemble analysis of dropout patterns
2025-02-14 16:17:51,897 - StudentAnalyzer - INFO - Using cached results
2025-02-14 16:17:51,927 - StudentAnalyzer - INFO - Starting ensemble analysis of dropout patterns
2025-02-14 16:17:51,928 - StudentAnalyzer - INFO - Using cached results
2025-02-14 16:17:51,957 - StudentAnalyzer - INFO - Starting ensemble analysis of dropout patterns
2025-02-14 16:17:51,958 - StudentAnalyzer - INFO - Using cached results
2025-02-14 16:17:51,989 - StudentAnalyzer - INFO - Starting ensemble analysis of dropout patterns
2025-02-14 16:17:51,990 - StudentAnalyzer - INFO - Using cached results
2025-02-14 16:17:52,018 - StudentAnalyzer - INFO - Starting ensemble analysis of dropout patterns
2025-02-14 16:17:52,019 - StudentAnalyzer - INFO - Using cached results
2025-02-14 16:17:52,049 - StudentAnalyzer - INFO - Starting ensemble analysis of dropout patterns
2025-02-14 16:17:52,050 - StudentAnalyzer - INFO - Using cached results
2025-02-14 16:17:52,080 - StudentAnalyzer - INFO - Starting ensemble analysis of dropout patterns
2025-02-14 16:17:52,081 - StudentAnalyzer - INFO - Using cached results
2025-02-14 16:17:52,111 - StudentAnalyzer - INFO - Starting ensemble analysis of dropout patterns
2025-02-14 16:17:52,112 - StudentAnalyzer - INFO - Using cached results
2025-02-14 16:17:52,142 - StudentAnalyzer - INFO - Starting ensemble analysis of dropout patterns
2025-02-14 16:17:52,143 - StudentAnalyzer - INFO - Using cached results
2025-02-14 16:17:52,144 - StudentAnalyzer - INFO - Best parameters found: {'rf_n_estimators': 102, 'rf_max_depth': 26, 'rf_min_samples_split': 11, 'rf_min_samples_leaf': 6, 'rf_max_features': 0.9340221152994306, 'gb_n_estimators': 101, 'gb_learning_rate': 0.06795686573162683, 'gb_max_depth': 7, 'gb_subsample': 0.89783093627816, 'gb_min_samples_split': 15}
2025-02-14 16:17:52,144 - StudentAnalyzer - INFO - Best value: 0.7790117476011993
2025-02-14 16:17:52,145 - StudentAnalyzer - INFO - Best hyperparameters found: {'rf_n_estimators': 102, 'rf_max_depth': 26, 'rf_min_samples_split': 11, 'rf_min_samples_leaf': 6, 'rf_max_features': 0.9340221152994306, 'gb_n_estimators': 101, 'gb_learning_rate': 0.06795686573162683, 'gb_max_depth': 7, 'gb_subsample': 0.89783093627816, 'gb_min_samples_split': 15}
2025-02-14 16:17:52,145 - StudentAnalyzer - INFO - Starting ensemble analysis of dropout patterns
2025-02-14 16:17:52,146 - StudentAnalyzer - INFO - Using cached results
2025-02-14 16:17:52,147 - StudentAnalyzer - ERROR - Error generating risk scores: X has 48 features, but RandomForestClassifier is expecting 38 features as input.
2025-02-14 16:17:52,148 - StudentAnalyzer - INFO - Generating reports and exporting results
2025-02-14 16:17:52,164 - StudentAnalyzer - INFO - Summary report generated successfully at analysis_results
2025-02-14 16:17:52,164 - StudentAnalyzer - INFO - Exporting analysis results to analysis_results
2025-02-14 16:17:52,516 - StudentAnalyzer - INFO - Results exported successfully to analysis_results\20250214_161752
2025-02-14 16:17:52,581 - StudentAnalyzer - INFO - Models saved successfully
2025-02-14 16:17:52,584 - StudentAnalyzer - INFO - Analysis completed successfully
